<?xml version="1.0" encoding="UTF-8"?>
<beans xmlns:xsi="http://www.w3.org/2001/XMLSchema-instance"
	   xmlns:context="http://www.springframework.org/schema/context"
	   xmlns="http://www.springframework.org/schema/beans"
	   xsi:schemaLocation="http://www.springframework.org/schema/beans http://www.springframework.org/schema/beans/spring-beans.xsd http://www.springframework.org/schema/context http://www.springframework.org/schema/context/spring-context.xsd">

	<import resource="application-context.xml"/>

	<context:property-placeholder location="properties/test-application.properties"/>

	<context:component-scan base-package="tests"/>

	<bean id="dataSource" class="com.mchange.v2.c3p0.ComboPooledDataSource" destroy-method="close">
		<property name="driverClass" value="${database.driver}"/>
		<property name="jdbcUrl" value="${database_test.url}"/>
		<property name="user" value="${database.username}"/>
		<property name="password" value="${database.password}"/>
		<property name="initialPoolSize" value="${c3p0.minPoolSize}"/>
		<property name="minPoolSize" value="${c3p0.minPoolSize}"/>
		<property name="maxPoolSize" value="${c3p0.maxPoolSize}"/>
		<property name="maxIdleTime" value="${c3p0.maxIdleTime}"/>
		<property name="maxConnectionAge" value="${c3p0.maxConnectionAge}"/>
		<property name="idleConnectionTestPeriod" value="${c3p0.idleConnectionTestPeriod}"/>
	</bean>

</beans>